<?xml version="1.0" encoding="UTF-8"?>
<coverage generated="1622557614879" clover="3.2.0">
  <project timestamp="1622557614879" name="All files">
    <metrics statements="23" coveredstatements="15" conditionals="9" coveredconditionals="5" methods="11" coveredmethods="9" elements="43" coveredelements="29" complexity="0" loc="23" ncloc="23" packages="2" files="3" classes="3"/>
    <package name="src">
      <metrics statements="4" coveredstatements="0" conditionals="0" coveredconditionals="0" methods="1" coveredmethods="0"/>
      <file name="App.vue" path="D:\MyProg\Web\Vue\vue-project\src\App.vue">
        <metrics statements="1" coveredstatements="0" conditionals="0" coveredconditionals="0" methods="0" coveredmethods="0"/>
        <line num="9" count="0" type="stmt"/>
      </file>
      <file name="main.js" path="D:\MyProg\Web\Vue\vue-project\src\main.js">
        <metrics statements="3" coveredstatements="0" conditionals="0" coveredconditionals="0" methods="1" coveredmethods="0"/>
        <line num="4" count="0" type="stmt"/>
        <line num="6" count="0" type="stmt"/>
        <line num="7" count="0" type="stmt"/>
      </file>
    </package>
    <package name="src.components">
      <metrics statements="19" coveredstatements="15" conditionals="9" coveredconditionals="5" methods="10" coveredmethods="9"/>
      <file name="Calculator.vue" path="D:\MyProg\Web\Vue\vue-project\src\components\Calculator.vue">
        <metrics statements="19" coveredstatements="15" conditionals="9" coveredconditionals="5" methods="10" coveredmethods="9"/>
        <line num="67" count="7" type="stmt"/>
        <line num="86" count="12" type="stmt"/>
        <line num="87" count="6" type="cond" truecount="4" falsecount="1"/>
        <line num="88" count="0" type="stmt"/>
        <line num="90" count="6" type="stmt"/>
        <line num="91" count="1" type="stmt"/>
        <line num="92" count="1" type="stmt"/>
        <line num="93" count="1" type="stmt"/>
        <line num="94" count="1" type="stmt"/>
        <line num="95" count="1" type="stmt"/>
        <line num="96" count="1" type="stmt"/>
        <line num="98" count="6" type="stmt"/>
        <line num="99" count="6" type="stmt"/>
        <line num="103" count="1" type="stmt"/>
        <line num="104" count="1" type="cond" truecount="1" falsecount="1"/>
        <line num="105" count="1" type="stmt"/>
        <line num="108" count="0" type="stmt"/>
        <line num="109" count="0" type="cond" truecount="0" falsecount="2"/>
        <line num="110" count="0" type="stmt"/>
      </file>
    </package>
  </project>
</coverage>
