TN:
SF:src\App.vue
FNF:0
FNH:0
DA:9,1
LF:1
LH:1
BRF:0
BRH:0
end_of_record
TN:
SF:src\main.js
FN:7,(anonymous_0)
FNF:1
FNH:0
FNDA:0,(anonymous_0)
DA:4,0
DA:6,0
DA:7,0
LF:3
LH:0
BRF:0
BRH:0
end_of_record
TN:
SF:src\components\Calculator.vue
FN:67,data
FN:85,calculate
FN:91,_
FN:92,_
FN:93,_
FN:94,_
FN:95,_
FN:96,_
FN:102,fill
FN:107,backSpace
FNF:10
FNH:10
FNDA:11,data
FNDA:6,calculate
FNDA:1,_
FNDA:1,_
FNDA:1,_
FNDA:1,_
FNDA:1,_
FNDA:1,_
FNDA:20,fill
FNDA:1,backSpace
DA:67,11
DA:86,12
DA:87,6
DA:88,0
DA:90,6
DA:91,1
DA:92,1
DA:93,1
DA:94,1
DA:95,1
DA:96,1
DA:98,6
DA:99,6
DA:103,20
DA:104,20
DA:105,20
DA:108,1
DA:109,1
DA:110,1
LF:19
LH:18
BRDA:87,0,0,0
BRDA:87,0,1,6
BRDA:87,1,0,6
BRDA:87,1,1,5
BRDA:87,1,2,2
BRDA:104,2,0,10
BRDA:104,2,1,10
BRDA:109,3,0,1
BRDA:109,3,1,0
BRF:9
BRH:7
end_of_record
